This file contains any messages produced by compilers while
running configure, to aid debugging if configure makes a mistake.

It was created by ulapi configure 1.5, which was
generated by GNU Autoconf 2.69.  Invocation command line was

  $ ./configure 

## --------- ##
## Platform. ##
## --------- ##

hostname = starbuck2
uname -m = x86_64
uname -r = 4.2.0-42-generic
uname -s = Linux
uname -v = #49~14.04.1-Ubuntu SMP Wed Jun 29 20:22:11 UTC 2016

/usr/bin/uname -p = unknown
/bin/uname -X     = unknown

/bin/arch              = unknown
/usr/bin/arch -k       = unknown
/usr/convex/getsysinfo = unknown
/usr/bin/hostinfo      = unknown
/bin/machine           = unknown
/usr/bin/oslevel       = unknown
/bin/universe          = unknown

PATH: /opt/ros/indigo/bin
PATH: /usr/local/sbin
PATH: /usr/local/bin
PATH: /usr/sbin
PATH: /usr/bin
PATH: /sbin
PATH: /bin
PATH: /usr/games
PATH: /usr/local/games


## ----------- ##
## Core tests. ##
## ----------- ##

configure:2215: checking for a BSD-compatible install
configure:2283: result: /usr/bin/install -c
configure:2294: checking whether build environment is sane
configure:2349: result: yes
configure:2500: checking for a thread-safe mkdir -p
configure:2539: result: /bin/mkdir -p
configure:2546: checking for gawk
configure:2576: result: no
configure:2546: checking for mawk
configure:2562: found /usr/bin/mawk
configure:2573: result: mawk
configure:2584: checking whether make sets $(MAKE)
configure:2606: result: yes
configure:2635: checking whether make supports nested variables
configure:2652: result: yes
configure:2831: checking for gcc
configure:2847: found /usr/bin/gcc
configure:2858: result: gcc
configure:3087: checking for C compiler version
configure:3096: gcc --version >&5
gcc (Ubuntu 4.8.4-2ubuntu1~14.04.3) 4.8.4
Copyright (C) 2013 Free Software Foundation, Inc.
This is free software; see the source for copying conditions.  There is NO
warranty; not even for MERCHANTABILITY or FITNESS FOR A PARTICULAR PURPOSE.

configure:3107: $? = 0
configure:3096: gcc -v >&5
Using built-in specs.
COLLECT_GCC=gcc
COLLECT_LTO_WRAPPER=/usr/lib/gcc/x86_64-linux-gnu/4.8/lto-wrapper
Target: x86_64-linux-gnu
Configured with: ../src/configure -v --with-pkgversion='Ubuntu 4.8.4-2ubuntu1~14.04.3' --with-bugurl=file:///usr/share/doc/gcc-4.8/README.Bugs --enable-languages=c,c++,java,go,d,fortran,objc,obj-c++ --prefix=/usr --program-suffix=-4.8 --enable-shared --enable-linker-build-id --libexecdir=/usr/lib --without-included-gettext --enable-threads=posix --with-gxx-include-dir=/usr/include/c++/4.8 --libdir=/usr/lib --enable-nls --with-sysroot=/ --enable-clocale=gnu --enable-libstdcxx-debug --enable-libstdcxx-time=yes --enable-gnu-unique-object --disable-libmudflap --enable-plugin --with-system-zlib --disable-browser-plugin --enable-java-awt=gtk --enable-gtk-cairo --with-java-home=/usr/lib/jvm/java-1.5.0-gcj-4.8-amd64/jre --enable-java-home --with-jvm-root-dir=/usr/lib/jvm/java-1.5.0-gcj-4.8-amd64 --with-jvm-jar-dir=/usr/lib/jvm-exports/java-1.5.0-gcj-4.8-amd64 --with-arch-directory=amd64 --with-ecj-jar=/usr/share/java/eclipse-ecj.jar --enable-objc-gc --enable-multiarch --disable-werror --with-arch-32=i686 --with-abi=m64 --with-multilib-list=m32,m64,mx32 --with-tune=generic --enable-checking=release --build=x86_64-linux-gnu --host=x86_64-linux-gnu --target=x86_64-linux-gnu
Thread model: posix
gcc version 4.8.4 (Ubuntu 4.8.4-2ubuntu1~14.04.3) 
configure:3107: $? = 0
configure:3096: gcc -V >&5
gcc: error: unrecognized command line option '-V'
gcc: fatal error: no input files
compilation terminated.
configure:3107: $? = 4
configure:3096: gcc -qversion >&5
gcc: error: unrecognized command line option '-qversion'
gcc: fatal error: no input files
compilation terminated.
configure:3107: $? = 4
configure:3127: checking whether the C compiler works
configure:3149: gcc    conftest.c  >&5
configure:3153: $? = 0
configure:3201: result: yes
configure:3204: checking for C compiler default output file name
configure:3206: result: a.out
configure:3212: checking for suffix of executables
configure:3219: gcc -o conftest    conftest.c  >&5
configure:3223: $? = 0
configure:3245: result: 
configure:3267: checking whether we are cross compiling
configure:3275: gcc -o conftest    conftest.c  >&5
configure:3279: $? = 0
configure:3286: ./conftest
configure:3290: $? = 0
configure:3305: result: no
configure:3310: checking for suffix of object files
configure:3332: gcc -c   conftest.c >&5
configure:3336: $? = 0
configure:3357: result: o
configure:3361: checking whether we are using the GNU C compiler
configure:3380: gcc -c   conftest.c >&5
configure:3380: $? = 0
configure:3389: result: yes
configure:3398: checking whether gcc accepts -g
configure:3418: gcc -c -g  conftest.c >&5
configure:3418: $? = 0
configure:3459: result: yes
configure:3476: checking for gcc option to accept ISO C89
configure:3539: gcc  -c -g -O2  conftest.c >&5
configure:3539: $? = 0
configure:3552: result: none needed
configure:3577: checking whether gcc understands -c and -o together
configure:3599: gcc -c conftest.c -o conftest2.o
configure:3602: $? = 0
configure:3599: gcc -c conftest.c -o conftest2.o
configure:3602: $? = 0
configure:3614: result: yes
configure:3642: checking for style of include used by make
configure:3670: result: GNU
configure:3696: checking dependency style of gcc
configure:3807: result: gcc3
configure:3866: checking for ranlib
configure:3882: found /usr/bin/ranlib
configure:3893: result: ranlib
configure:3921: checking build system type
configure:3935: result: x86_64-unknown-linux-gnu
configure:3955: checking host system type
configure:3968: result: x86_64-unknown-linux-gnu
configure:3994: checking how to run the C preprocessor
configure:4025: gcc -E  conftest.c
configure:4025: $? = 0
configure:4039: gcc -E  conftest.c
conftest.c:11:28: fatal error: ac_nonexistent.h: No such file or directory
 #include <ac_nonexistent.h>
                            ^
compilation terminated.
configure:4039: $? = 1
configure: failed program was:
| /* confdefs.h */
| #define PACKAGE_NAME "ulapi"
| #define PACKAGE_TARNAME "ulapi"
| #define PACKAGE_VERSION "1.5"
| #define PACKAGE_STRING "ulapi 1.5"
| #define PACKAGE_BUGREPORT ""
| #define PACKAGE_URL ""
| #define PACKAGE "ulapi"
| #define VERSION "1.5"
| /* end confdefs.h.  */
| #include <ac_nonexistent.h>
configure:4064: result: gcc -E
configure:4084: gcc -E  conftest.c
configure:4084: $? = 0
configure:4098: gcc -E  conftest.c
conftest.c:11:28: fatal error: ac_nonexistent.h: No such file or directory
 #include <ac_nonexistent.h>
                            ^
compilation terminated.
configure:4098: $? = 1
configure: failed program was:
| /* confdefs.h */
| #define PACKAGE_NAME "ulapi"
| #define PACKAGE_TARNAME "ulapi"
| #define PACKAGE_VERSION "1.5"
| #define PACKAGE_STRING "ulapi 1.5"
| #define PACKAGE_BUGREPORT ""
| #define PACKAGE_URL ""
| #define PACKAGE "ulapi"
| #define VERSION "1.5"
| /* end confdefs.h.  */
| #include <ac_nonexistent.h>
configure:4127: checking for grep that handles long lines and -e
configure:4185: result: /bin/grep
configure:4190: checking for egrep
configure:4252: result: /bin/grep -E
configure:4257: checking for ANSI C header files
configure:4277: gcc -c -g -O2  conftest.c >&5
configure:4277: $? = 0
configure:4350: gcc -o conftest -g -O2   conftest.c  >&5
configure:4350: $? = 0
configure:4350: ./conftest
configure:4350: $? = 0
configure:4361: result: yes
configure:4374: checking for sys/types.h
configure:4374: gcc -c -g -O2  conftest.c >&5
configure:4374: $? = 0
configure:4374: result: yes
configure:4374: checking for sys/stat.h
configure:4374: gcc -c -g -O2  conftest.c >&5
configure:4374: $? = 0
configure:4374: result: yes
configure:4374: checking for stdlib.h
configure:4374: gcc -c -g -O2  conftest.c >&5
configure:4374: $? = 0
configure:4374: result: yes
configure:4374: checking for string.h
configure:4374: gcc -c -g -O2  conftest.c >&5
configure:4374: $? = 0
configure:4374: result: yes
configure:4374: checking for memory.h
configure:4374: gcc -c -g -O2  conftest.c >&5
configure:4374: $? = 0
configure:4374: result: yes
configure:4374: checking for strings.h
configure:4374: gcc -c -g -O2  conftest.c >&5
configure:4374: $? = 0
configure:4374: result: yes
configure:4374: checking for inttypes.h
configure:4374: gcc -c -g -O2  conftest.c >&5
configure:4374: $? = 0
configure:4374: result: yes
configure:4374: checking for stdint.h
configure:4374: gcc -c -g -O2  conftest.c >&5
configure:4374: $? = 0
configure:4374: result: yes
configure:4374: checking for unistd.h
configure:4374: gcc -c -g -O2  conftest.c >&5
configure:4374: $? = 0
configure:4374: result: yes
configure:4550: checking for the pthreads library -lpthreads
configure:4583: gcc -o conftest -g -O2    conftest.c -lpthreads  >&5
conftest.c: In function 'main':
conftest.c:26:22: warning: null argument where non-null required (argument 1) [-Wnonnull]
                      pthread_attr_init(0); pthread_cleanup_push(0, 0);
                      ^
conftest.c:27:22: warning: null argument where non-null required (argument 1) [-Wnonnull]
                      pthread_create(0,0,0,0); pthread_cleanup_pop(0);
                      ^
conftest.c:27:22: warning: null argument where non-null required (argument 3) [-Wnonnull]
/usr/bin/ld: cannot find -lpthreads
collect2: error: ld returned 1 exit status
configure:4583: $? = 1
configure: failed program was:
| /* confdefs.h */
| #define PACKAGE_NAME "ulapi"
| #define PACKAGE_TARNAME "ulapi"
| #define PACKAGE_VERSION "1.5"
| #define PACKAGE_STRING "ulapi 1.5"
| #define PACKAGE_BUGREPORT ""
| #define PACKAGE_URL ""
| #define PACKAGE "ulapi"
| #define VERSION "1.5"
| #define STDC_HEADERS 1
| #define HAVE_SYS_TYPES_H 1
| #define HAVE_SYS_STAT_H 1
| #define HAVE_STDLIB_H 1
| #define HAVE_STRING_H 1
| #define HAVE_MEMORY_H 1
| #define HAVE_STRINGS_H 1
| #define HAVE_INTTYPES_H 1
| #define HAVE_STDINT_H 1
| #define HAVE_UNISTD_H 1
| /* end confdefs.h.  */
| #include <pthread.h>
| int
| main ()
| {
| pthread_t th; pthread_join(th, 0);
|                      pthread_attr_init(0); pthread_cleanup_push(0, 0);
|                      pthread_create(0,0,0,0); pthread_cleanup_pop(0);
|   ;
|   return 0;
| }
configure:4592: result: no
configure:4550: checking for the pthreads library -lpthread
configure:4583: gcc -o conftest -g -O2    conftest.c -lpthread  >&5
conftest.c: In function 'main':
conftest.c:26:22: warning: null argument where non-null required (argument 1) [-Wnonnull]
                      pthread_attr_init(0); pthread_cleanup_push(0, 0);
                      ^
conftest.c:27:22: warning: null argument where non-null required (argument 1) [-Wnonnull]
                      pthread_create(0,0,0,0); pthread_cleanup_pop(0);
                      ^
conftest.c:27:22: warning: null argument where non-null required (argument 3) [-Wnonnull]
configure:4583: $? = 0
configure:4592: result: yes
configure:4612: checking for joinable pthread attribute
configure:4625: gcc -o conftest -g -O2    conftest.c -lpthread  >&5
configure:4625: $? = 0
configure:4657: result: PTHREAD_CREATE_JOINABLE
configure:4664: checking if more special flags are required for pthreads
configure:4671: result: no
configure:4683: checking for cc_r
configure:4711: result: gcc
configure:4744: checking for RTAI
configure:4758: result: no
configure:4760: WARNING: not found in /usr/realtime /usr/src/rtai, try --with-rtai=<path to rtai>
configure:4787: checking dlfcn.h usability
configure:4787: gcc -c -g -O2  conftest.c >&5
configure:4787: $? = 0
configure:4787: result: yes
configure:4787: checking dlfcn.h presence
configure:4787: gcc -E  conftest.c
configure:4787: $? = 0
configure:4787: result: yes
configure:4787: checking for dlfcn.h
configure:4787: result: yes
configure:4797: checking for library containing dlopen
configure:4828: gcc -o conftest -g -O2   conftest.c  >&5
/tmp/cc1vB18a.o: In function `main':
/home/nist/CRPI_REPO/marvel-code-repo/Libraries/ulapi/conftest.c:34: undefined reference to `dlopen'
collect2: error: ld returned 1 exit status
configure:4828: $? = 1
configure: failed program was:
| /* confdefs.h */
| #define PACKAGE_NAME "ulapi"
| #define PACKAGE_TARNAME "ulapi"
| #define PACKAGE_VERSION "1.5"
| #define PACKAGE_STRING "ulapi 1.5"
| #define PACKAGE_BUGREPORT ""
| #define PACKAGE_URL ""
| #define PACKAGE "ulapi"
| #define VERSION "1.5"
| #define STDC_HEADERS 1
| #define HAVE_SYS_TYPES_H 1
| #define HAVE_SYS_STAT_H 1
| #define HAVE_STDLIB_H 1
| #define HAVE_STRING_H 1
| #define HAVE_MEMORY_H 1
| #define HAVE_STRINGS_H 1
| #define HAVE_INTTYPES_H 1
| #define HAVE_STDINT_H 1
| #define HAVE_UNISTD_H 1
| #define HAVE_PTHREAD 1
| #define HAVE_DLFCN_H 1
| /* end confdefs.h.  */
| 
| /* Override any GCC internal prototype to avoid an error.
|    Use char because int might match the return type of a GCC
|    builtin and then its argument prototype would still apply.  */
| #ifdef __cplusplus
| extern "C"
| #endif
| char dlopen ();
| int
| main ()
| {
| return dlopen ();
|   ;
|   return 0;
| }
configure:4828: gcc -o conftest -g -O2   conftest.c -ldl   >&5
configure:4828: $? = 0
configure:4845: result: -ldl
configure:4873: checking for library containing clock_gettime
configure:4904: gcc -o conftest -g -O2   conftest.c -ldl  >&5
configure:4904: $? = 0
configure:4921: result: none required
configure:4937: checking getopt.h usability
configure:4937: gcc -c -g -O2  conftest.c >&5
configure:4937: $? = 0
configure:4937: result: yes
configure:4937: checking getopt.h presence
configure:4937: gcc -E  conftest.c
configure:4937: $? = 0
configure:4937: result: yes
configure:4937: checking for getopt.h
configure:4937: result: yes
configure:5066: checking for doxygen
configure:5084: found /usr/bin/doxygen
configure:5096: result: /usr/bin/doxygen
configure:5172: checking for perl
configure:5190: found /usr/bin/perl
configure:5202: result: /usr/bin/perl
configure:5345: checking for dot
configure:5363: found /usr/bin/dot
configure:5375: result: /usr/bin/dot
configure:7006: checking that generated files are newer than configure
configure:7012: result: done
configure:7131: creating ./config.status

## ---------------------- ##
## Running config.status. ##
## ---------------------- ##

This file was extended by ulapi config.status 1.5, which was
generated by GNU Autoconf 2.69.  Invocation command line was

  CONFIG_FILES    = 
  CONFIG_HEADERS  = 
  CONFIG_LINKS    = 
  CONFIG_COMMANDS = 
  $ ./config.status 

on starbuck2

config.status:927: creating Makefile
config.status:927: creating src/Makefile
config.status:927: creating lib/Makefile
config.status:927: creating bin/Makefile
config.status:927: creating config/config.h
config.status:1108: config/config.h is unchanged
config.status:1156: executing depfiles commands

## ---------------- ##
## Cache variables. ##
## ---------------- ##

ac_cv_build=x86_64-unknown-linux-gnu
ac_cv_c_compiler_gnu=yes
ac_cv_env_CC_set=
ac_cv_env_CC_value=
ac_cv_env_CFLAGS_set=
ac_cv_env_CFLAGS_value=
ac_cv_env_CPPFLAGS_set=
ac_cv_env_CPPFLAGS_value=
ac_cv_env_CPP_set=
ac_cv_env_CPP_value=
ac_cv_env_DOXYGEN_PAPER_SIZE_set=
ac_cv_env_DOXYGEN_PAPER_SIZE_value=
ac_cv_env_LDFLAGS_set=
ac_cv_env_LDFLAGS_value=
ac_cv_env_LIBS_set=
ac_cv_env_LIBS_value=
ac_cv_env_build_alias_set=
ac_cv_env_build_alias_value=
ac_cv_env_host_alias_set=
ac_cv_env_host_alias_value=
ac_cv_env_target_alias_set=
ac_cv_env_target_alias_value=
ac_cv_header_dlfcn_h=yes
ac_cv_header_getopt_h=yes
ac_cv_header_inttypes_h=yes
ac_cv_header_memory_h=yes
ac_cv_header_stdc=yes
ac_cv_header_stdint_h=yes
ac_cv_header_stdlib_h=yes
ac_cv_header_string_h=yes
ac_cv_header_strings_h=yes
ac_cv_header_sys_stat_h=yes
ac_cv_header_sys_types_h=yes
ac_cv_header_unistd_h=yes
ac_cv_host=x86_64-unknown-linux-gnu
ac_cv_objext=o
ac_cv_path_EGREP='/bin/grep -E'
ac_cv_path_GREP=/bin/grep
ac_cv_path_ac_pt_DX_DOT=/usr/bin/dot
ac_cv_path_ac_pt_DX_DOXYGEN=/usr/bin/doxygen
ac_cv_path_ac_pt_DX_PERL=/usr/bin/perl
ac_cv_path_install='/usr/bin/install -c'
ac_cv_path_mkdir=/bin/mkdir
ac_cv_prog_AWK=mawk
ac_cv_prog_CPP='gcc -E'
ac_cv_prog_PTHREAD_CC=gcc
ac_cv_prog_ac_ct_CC=gcc
ac_cv_prog_ac_ct_RANLIB=ranlib
ac_cv_prog_cc_c89=
ac_cv_prog_cc_g=yes
ac_cv_prog_make_make_set=yes
ac_cv_search_clock_gettime='none required'
ac_cv_search_dlopen=-ldl
am_cv_CC_dependencies_compiler_type=gcc3
am_cv_make_support_nested_variables=yes
am_cv_prog_cc_c_o=yes

## ----------------- ##
## Output variables. ##
## ----------------- ##

ACLOCAL='${SHELL} /home/nist/CRPI_REPO/marvel-code-repo/Libraries/ulapi/config/missing aclocal-1.14'
AMDEPBACKSLASH='\'
AMDEP_FALSE='#'
AMDEP_TRUE=''
AMTAR='$${TAR-tar}'
AM_BACKSLASH='\'
AM_DEFAULT_V='$(AM_DEFAULT_VERBOSITY)'
AM_DEFAULT_VERBOSITY='1'
AM_V='$(V)'
AUTOCONF='${SHELL} /home/nist/CRPI_REPO/marvel-code-repo/Libraries/ulapi/config/missing autoconf'
AUTOHEADER='${SHELL} /home/nist/CRPI_REPO/marvel-code-repo/Libraries/ulapi/config/missing autoheader'
AUTOMAKE='${SHELL} /home/nist/CRPI_REPO/marvel-code-repo/Libraries/ulapi/config/missing automake-1.14'
AWK='mawk'
CC='gcc'
CCDEPMODE='depmode=gcc3'
CFLAGS='-g -O2'
CPP='gcc -E'
CPPFLAGS=''
CYGPATH_W='echo'
DEFS='-DHAVE_CONFIG_H'
DEPDIR='.deps'
DL_CFLAGS='-shared -fPIC'
DOXYGEN_PAPER_SIZE=''
DX_COND_chi_FALSE=''
DX_COND_chi_TRUE='#'
DX_COND_chm_FALSE=''
DX_COND_chm_TRUE='#'
DX_COND_doc_FALSE='#'
DX_COND_doc_TRUE=''
DX_COND_dot_FALSE='#'
DX_COND_dot_TRUE=''
DX_COND_html_FALSE='#'
DX_COND_html_TRUE=''
DX_COND_latex_FALSE=''
DX_COND_latex_TRUE='#'
DX_COND_man_FALSE=''
DX_COND_man_TRUE='#'
DX_COND_pdf_FALSE=''
DX_COND_pdf_TRUE='#'
DX_COND_ps_FALSE=''
DX_COND_ps_TRUE='#'
DX_COND_rtf_FALSE=''
DX_COND_rtf_TRUE='#'
DX_COND_xml_FALSE=''
DX_COND_xml_TRUE='#'
DX_CONFIG='Doxyfile'
DX_DOCDIR='doxygen-doc'
DX_DOT='/usr/bin/dot'
DX_DOXYGEN='/usr/bin/doxygen'
DX_DVIPS=''
DX_EGREP=''
DX_ENV=' SRCDIR='\''.'\'' PROJECT='\''ulapi'\'' DOCDIR='\''doxygen-doc'\'' VERSION='\''1.5'\'' PERL_PATH='\''/usr/bin/perl'\'' HAVE_DOT='\''YES'\'' DOT_PATH='\''/usr/bin'\'' GENERATE_MAN='\''NO'\'' GENERATE_RTF='\''NO'\'' GENERATE_XML='\''NO'\'' GENERATE_HTMLHELP='\''NO'\'' GENERATE_CHI='\''NO'\'' GENERATE_HTML='\''YES'\'' GENERATE_LATEX='\''NO'\'''
DX_FLAG_DX_CURRENT_FEATURE=''
DX_FLAG_chi='0'
DX_FLAG_chm='0'
DX_FLAG_doc='1'
DX_FLAG_dot='1'
DX_FLAG_html='1'
DX_FLAG_man='0'
DX_FLAG_pdf='0'
DX_FLAG_ps='0'
DX_FLAG_rtf='0'
DX_FLAG_xml='0'
DX_HHC=''
DX_LATEX=''
DX_MAKEINDEX=''
DX_PDFLATEX=''
DX_PERL='/usr/bin/perl'
DX_PROJECT='ulapi'
ECHO_C=''
ECHO_N='-n'
ECHO_T=''
EGREP='/bin/grep -E'
EXEEXT=''
GREP='/bin/grep'
HAVE_RTAI_FALSE=''
HAVE_RTAI_TRUE='#'
INSTALL_DATA='${INSTALL} -m 644'
INSTALL_PROGRAM='${INSTALL}'
INSTALL_SCRIPT='${INSTALL}'
INSTALL_STRIP_PROGRAM='$(install_sh) -c -s'
LDFLAGS=''
LIBOBJS=''
LIBS='-ldl '
LTLIBOBJS=''
MAKEINFO='${SHELL} /home/nist/CRPI_REPO/marvel-code-repo/Libraries/ulapi/config/missing makeinfo'
MKDIR_P='/bin/mkdir -p'
NO_DL_FALSE=''
NO_DL_TRUE='#'
OBJEXT='o'
PACKAGE='ulapi'
PACKAGE_BUGREPORT=''
PACKAGE_NAME='ulapi'
PACKAGE_STRING='ulapi 1.5'
PACKAGE_TARNAME='ulapi'
PACKAGE_URL=''
PACKAGE_VERSION='1.5'
PATH_SEPARATOR=':'
PTHREAD_CC='gcc'
PTHREAD_CFLAGS=''
PTHREAD_LIBS='-lpthread'
RANLIB='ranlib'
RTAI_DIR=''
RTAI_LIBS=''
SET_MAKE=''
SHELL='/bin/bash'
STRIP=''
VERSION='1.5'
ac_ct_CC='gcc'
acx_pthread_config=''
am__EXEEXT_FALSE=''
am__EXEEXT_TRUE='#'
am__fastdepCC_FALSE='#'
am__fastdepCC_TRUE=''
am__include='include'
am__isrc=''
am__leading_dot='.'
am__nodep='_no'
am__quote=''
am__tar='$${TAR-tar} chof - "$$tardir"'
am__untar='$${TAR-tar} xf -'
bindir='${exec_prefix}/bin'
build='x86_64-unknown-linux-gnu'
build_alias=''
build_cpu='x86_64'
build_os='linux-gnu'
build_vendor='unknown'
datadir='${datarootdir}'
datarootdir='${prefix}/share'
docdir='${datarootdir}/doc/${PACKAGE_TARNAME}'
dvidir='${docdir}'
exec_prefix='${prefix}'
host='x86_64-unknown-linux-gnu'
host_alias=''
host_cpu='x86_64'
host_os='linux-gnu'
host_vendor='unknown'
htmldir='${docdir}'
includedir='${prefix}/include'
infodir='${datarootdir}/info'
install_sh='${SHELL} /home/nist/CRPI_REPO/marvel-code-repo/Libraries/ulapi/config/install-sh'
libdir='${exec_prefix}/lib'
libexecdir='${exec_prefix}/libexec'
localedir='${datarootdir}/locale'
localstatedir='${prefix}/var'
mandir='${datarootdir}/man'
mkdir_p='$(MKDIR_P)'
oldincludedir='/usr/include'
pdfdir='${docdir}'
prefix='/usr/local'
program_transform_name='s,x,x,'
psdir='${docdir}'
sbindir='${exec_prefix}/sbin'
sharedstatedir='${prefix}/com'
sysconfdir='${prefix}/etc'
target_alias=''

## ----------- ##
## confdefs.h. ##
## ----------- ##

/* confdefs.h */
#define PACKAGE_NAME "ulapi"
#define PACKAGE_TARNAME "ulapi"
#define PACKAGE_VERSION "1.5"
#define PACKAGE_STRING "ulapi 1.5"
#define PACKAGE_BUGREPORT ""
#define PACKAGE_URL ""
#define PACKAGE "ulapi"
#define VERSION "1.5"
#define STDC_HEADERS 1
#define HAVE_SYS_TYPES_H 1
#define HAVE_SYS_STAT_H 1
#define HAVE_STDLIB_H 1
#define HAVE_STRING_H 1
#define HAVE_MEMORY_H 1
#define HAVE_STRINGS_H 1
#define HAVE_INTTYPES_H 1
#define HAVE_STDINT_H 1
#define HAVE_UNISTD_H 1
#define HAVE_PTHREAD 1
#define HAVE_DLFCN_H 1
#define HAVE_CLOCK_GETTIME 1
#define HAVE_GETOPT_H 1

configure: exit 0
